<?xml version="1.0" encoding="UTF-8"?>
<!-- Generated by org.testng.reporters.JUnitReportReporter -->
<testsuite skipped="0" hostname="DESKTOP-NDONA32" name="com.handge.bigdata.AppTest" tests="1" failures="0" timestamp="09 八月 2018 06:05:02 GMT" time="0.005" errors="0">
  <testcase name="testApp" time="0.005" classname="com.handge.bigdata.AppTest"/>
</testsuite> <!-- com.handge.bigdata.AppTest -->
